[20-Jun-2016 07:46:14 Europe/London] Cannot open 
[20-Jun-2016 07:46:15 Europe/London] <B>Warning:</B> character u0000 is missing<BR>
[20-Jun-2016 07:46:15 Europe/London] <B>Warning:</B> character controlSTX is missing<BR>
[20-Jun-2016 07:46:15 Europe/London] <B>Warning:</B> character controlSOT is missing<BR>
[20-Jun-2016 07:46:15 Europe/London] <B>Warning:</B> character controlETX is missing<BR>
[20-Jun-2016 07:46:15 Europe/London] <B>Warning:</B> character controlEOT is missing<BR>
[20-Jun-2016 07:46:15 Europe/London] <B>Warning:</B> character controlENQ is missing<BR>
[20-Jun-2016 07:46:15 Europe/London] <B>Warning:</B> character controlACK is missing<BR>
[20-Jun-2016 07:46:15 Europe/London] <B>Warning:</B> character controlBEL is missing<BR>
[20-Jun-2016 07:46:15 Europe/London] <B>Warning:</B> character controlBS is missing<BR>
[20-Jun-2016 07:46:15 Europe/London] <B>Warning:</B> character controlHT is missing<BR>
[20-Jun-2016 07:46:15 Europe/London] <B>Warning:</B> character controlLF is missing<BR>
[20-Jun-2016 07:46:15 Europe/London] <B>Warning:</B> character controlVT is missing<BR>
[20-Jun-2016 07:46:15 Europe/London] <B>Warning:</B> character controlFF is missing<BR>
[20-Jun-2016 07:46:15 Europe/London] <B>Warning:</B> character controlCR is missing<BR>
[20-Jun-2016 07:46:15 Europe/London] <B>Warning:</B> character controlSO is missing<BR>
[20-Jun-2016 07:46:15 Europe/London] <B>Warning:</B> character controlSI is missing<BR>
[20-Jun-2016 07:46:15 Europe/London] <B>Warning:</B> character controlDLE is missing<BR>
[20-Jun-2016 07:46:15 Europe/London] <B>Warning:</B> character controlDC1 is missing<BR>
[20-Jun-2016 07:46:15 Europe/London] <B>Warning:</B> character controlDC2 is missing<BR>
[20-Jun-2016 07:46:15 Europe/London] <B>Warning:</B> character controlDC3 is missing<BR>
[20-Jun-2016 07:46:15 Europe/London] <B>Warning:</B> character controlDC4 is missing<BR>
[20-Jun-2016 07:46:15 Europe/London] <B>Warning:</B> character controlNAK is missing<BR>
[20-Jun-2016 07:46:15 Europe/London] <B>Warning:</B> character controlSYN is missing<BR>
[20-Jun-2016 07:46:15 Europe/London] <B>Warning:</B> character controlETB is missing<BR>
[20-Jun-2016 07:46:15 Europe/London] <B>Warning:</B> character controlCAN is missing<BR>
[20-Jun-2016 07:46:15 Europe/London] <B>Warning:</B> character controlEM is missing<BR>
[20-Jun-2016 07:46:15 Europe/London] <B>Warning:</B> character controlSUB is missing<BR>
[20-Jun-2016 07:46:15 Europe/London] <B>Warning:</B> character controlESC is missing<BR>
[20-Jun-2016 07:46:15 Europe/London] <B>Warning:</B> character controlFS is missing<BR>
[20-Jun-2016 07:46:15 Europe/London] <B>Warning:</B> character controlGS is missing<BR>
[20-Jun-2016 07:46:15 Europe/London] <B>Warning:</B> character controlRS is missing<BR>
[20-Jun-2016 07:46:15 Europe/London] <B>Warning:</B> character controlUS is missing<BR>
[20-Jun-2016 07:46:15 Europe/London] <B>Warning:</B> character controlDEL is missing<BR>
[20-Jun-2016 07:46:15 Europe/London] <B>Warning:</B> character u0080 is missing<BR>
[20-Jun-2016 07:46:15 Europe/London] <B>Warning:</B> character u0081 is missing<BR>
[20-Jun-2016 07:46:15 Europe/London] <B>Warning:</B> character u0082 is missing<BR>
[20-Jun-2016 07:46:15 Europe/London] <B>Warning:</B> character u0083 is missing<BR>
[20-Jun-2016 07:46:15 Europe/London] <B>Warning:</B> character u0084 is missing<BR>
[20-Jun-2016 07:46:15 Europe/London] <B>Warning:</B> character u0085 is missing<BR>
[20-Jun-2016 07:46:15 Europe/London] <B>Warning:</B> character u0086 is missing<BR>
[20-Jun-2016 07:46:15 Europe/London] <B>Warning:</B> character u0087 is missing<BR>
[20-Jun-2016 07:46:15 Europe/London] <B>Warning:</B> character u0088 is missing<BR>
[20-Jun-2016 07:46:15 Europe/London] <B>Warning:</B> character u0089 is missing<BR>
[20-Jun-2016 07:46:15 Europe/London] <B>Warning:</B> character u008A is missing<BR>
[20-Jun-2016 07:46:15 Europe/London] <B>Warning:</B> character u008B is missing<BR>
[20-Jun-2016 07:46:15 Europe/London] <B>Warning:</B> character u008C is missing<BR>
[20-Jun-2016 07:46:15 Europe/London] <B>Warning:</B> character u008D is missing<BR>
[20-Jun-2016 07:46:15 Europe/London] <B>Warning:</B> character u008E is missing<BR>
[20-Jun-2016 07:46:15 Europe/London] <B>Warning:</B> character u008F is missing<BR>
[20-Jun-2016 07:46:15 Europe/London] <B>Warning:</B> character u0090 is missing<BR>
[20-Jun-2016 07:46:15 Europe/London] <B>Warning:</B> character u0091 is missing<BR>
[20-Jun-2016 07:46:15 Europe/London] <B>Warning:</B> character u0092 is missing<BR>
[20-Jun-2016 07:46:15 Europe/London] <B>Warning:</B> character u0093 is missing<BR>
[20-Jun-2016 07:46:15 Europe/London] <B>Warning:</B> character u0094 is missing<BR>
[20-Jun-2016 07:46:15 Europe/London] <B>Warning:</B> character u0095 is missing<BR>
[20-Jun-2016 07:46:15 Europe/London] <B>Warning:</B> character u0096 is missing<BR>
[20-Jun-2016 07:46:15 Europe/London] <B>Warning:</B> character u0097 is missing<BR>
[20-Jun-2016 07:46:15 Europe/London] <B>Warning:</B> character u0098 is missing<BR>
[20-Jun-2016 07:46:15 Europe/London] <B>Warning:</B> character u0099 is missing<BR>
[20-Jun-2016 07:46:15 Europe/London] <B>Warning:</B> character u009A is missing<BR>
[20-Jun-2016 07:46:15 Europe/London] <B>Warning:</B> character u009B is missing<BR>
[20-Jun-2016 07:46:15 Europe/London] <B>Warning:</B> character u009C is missing<BR>
[20-Jun-2016 07:46:15 Europe/London] <B>Warning:</B> character u009D is missing<BR>
[20-Jun-2016 07:46:15 Europe/London] <B>Warning:</B> character u009E is missing<BR>
[20-Jun-2016 07:46:15 Europe/London] <B>Warning:</B> character u009F is missing<BR>
[20-Jun-2016 07:46:15 Europe/London] <B>Warning:</B> character nonbreakingspace is missing<BR>
[20-Jun-2016 07:46:15 Europe/London] <B>Warning:</B> character softhyphen is missing<BR>
[20-Jun-2016 07:46:15 Europe/London] <B>Warning:</B> character u0000 is missing<BR>
[20-Jun-2016 07:46:15 Europe/London] <B>Warning:</B> character controlSTX is missing<BR>
[20-Jun-2016 07:46:15 Europe/London] <B>Warning:</B> character controlSOT is missing<BR>
[20-Jun-2016 07:46:15 Europe/London] <B>Warning:</B> character controlETX is missing<BR>
[20-Jun-2016 07:46:15 Europe/London] <B>Warning:</B> character controlEOT is missing<BR>
[20-Jun-2016 07:46:15 Europe/London] <B>Warning:</B> character controlENQ is missing<BR>
[20-Jun-2016 07:46:15 Europe/London] <B>Warning:</B> character controlACK is missing<BR>
[20-Jun-2016 07:46:15 Europe/London] <B>Warning:</B> character controlBEL is missing<BR>
[20-Jun-2016 07:46:15 Europe/London] <B>Warning:</B> character controlBS is missing<BR>
[20-Jun-2016 07:46:15 Europe/London] <B>Warning:</B> character controlHT is missing<BR>
[20-Jun-2016 07:46:15 Europe/London] <B>Warning:</B> character controlLF is missing<BR>
[20-Jun-2016 07:46:15 Europe/London] <B>Warning:</B> character controlVT is missing<BR>
[20-Jun-2016 07:46:15 Europe/London] <B>Warning:</B> character controlFF is missing<BR>
[20-Jun-2016 07:46:15 Europe/London] <B>Warning:</B> character controlCR is missing<BR>
[20-Jun-2016 07:46:15 Europe/London] <B>Warning:</B> character controlSO is missing<BR>
[20-Jun-2016 07:46:15 Europe/London] <B>Warning:</B> character controlSI is missing<BR>
[20-Jun-2016 07:46:15 Europe/London] <B>Warning:</B> character controlDLE is missing<BR>
[20-Jun-2016 07:46:15 Europe/London] <B>Warning:</B> character controlDC1 is missing<BR>
[20-Jun-2016 07:46:15 Europe/London] <B>Warning:</B> character controlDC2 is missing<BR>
[20-Jun-2016 07:46:15 Europe/London] <B>Warning:</B> character controlDC3 is missing<BR>
[20-Jun-2016 07:46:15 Europe/London] <B>Warning:</B> character controlDC4 is missing<BR>
[20-Jun-2016 07:46:15 Europe/London] <B>Warning:</B> character controlNAK is missing<BR>
[20-Jun-2016 07:46:15 Europe/London] <B>Warning:</B> character controlSYN is missing<BR>
[20-Jun-2016 07:46:15 Europe/London] <B>Warning:</B> character controlETB is missing<BR>
[20-Jun-2016 07:46:15 Europe/London] <B>Warning:</B> character controlCAN is missing<BR>
[20-Jun-2016 07:46:15 Europe/London] <B>Warning:</B> character controlEM is missing<BR>
[20-Jun-2016 07:46:15 Europe/London] <B>Warning:</B> character controlSUB is missing<BR>
[20-Jun-2016 07:46:15 Europe/London] <B>Warning:</B> character controlESC is missing<BR>
[20-Jun-2016 07:46:15 Europe/London] <B>Warning:</B> character controlFS is missing<BR>
[20-Jun-2016 07:46:15 Europe/London] <B>Warning:</B> character controlGS is missing<BR>
[20-Jun-2016 07:46:15 Europe/London] <B>Warning:</B> character controlRS is missing<BR>
[20-Jun-2016 07:46:15 Europe/London] <B>Warning:</B> character controlUS is missing<BR>
[20-Jun-2016 07:46:15 Europe/London] <B>Warning:</B> character controlDEL is missing<BR>
[20-Jun-2016 07:46:15 Europe/London] <B>Warning:</B> character u0080 is missing<BR>
[20-Jun-2016 07:46:15 Europe/London] <B>Warning:</B> character u0081 is missing<BR>
[20-Jun-2016 07:46:15 Europe/London] <B>Warning:</B> character u0082 is missing<BR>
[20-Jun-2016 07:46:15 Europe/London] <B>Warning:</B> character u0083 is missing<BR>
[20-Jun-2016 07:46:15 Europe/London] <B>Warning:</B> character u0084 is missing<BR>
[20-Jun-2016 07:46:15 Europe/London] <B>Warning:</B> character u0085 is missing<BR>
[20-Jun-2016 07:46:15 Europe/London] <B>Warning:</B> character u0086 is missing<BR>
[20-Jun-2016 07:46:15 Europe/London] <B>Warning:</B> character u0087 is missing<BR>
[20-Jun-2016 07:46:15 Europe/London] <B>Warning:</B> character u0088 is missing<BR>
[20-Jun-2016 07:46:15 Europe/London] <B>Warning:</B> character u0089 is missing<BR>
[20-Jun-2016 07:46:15 Europe/London] <B>Warning:</B> character u008A is missing<BR>
[20-Jun-2016 07:46:15 Europe/London] <B>Warning:</B> character u008B is missing<BR>
[20-Jun-2016 07:46:15 Europe/London] <B>Warning:</B> character u008C is missing<BR>
[20-Jun-2016 07:46:15 Europe/London] <B>Warning:</B> character u008D is missing<BR>
[20-Jun-2016 07:46:15 Europe/London] <B>Warning:</B> character u008E is missing<BR>
[20-Jun-2016 07:46:15 Europe/London] <B>Warning:</B> character u008F is missing<BR>
[20-Jun-2016 07:46:15 Europe/London] <B>Warning:</B> character u0090 is missing<BR>
[20-Jun-2016 07:46:15 Europe/London] <B>Warning:</B> character u0091 is missing<BR>
[20-Jun-2016 07:46:15 Europe/London] <B>Warning:</B> character u0092 is missing<BR>
[20-Jun-2016 07:46:15 Europe/London] <B>Warning:</B> character u0093 is missing<BR>
[20-Jun-2016 07:46:15 Europe/London] <B>Warning:</B> character u0094 is missing<BR>
[20-Jun-2016 07:46:15 Europe/London] <B>Warning:</B> character u0095 is missing<BR>
[20-Jun-2016 07:46:15 Europe/London] <B>Warning:</B> character u0096 is missing<BR>
[20-Jun-2016 07:46:15 Europe/London] <B>Warning:</B> character u0097 is missing<BR>
[20-Jun-2016 07:46:15 Europe/London] <B>Warning:</B> character u0098 is missing<BR>
[20-Jun-2016 07:46:15 Europe/London] <B>Warning:</B> character u0099 is missing<BR>
[20-Jun-2016 07:46:15 Europe/London] <B>Warning:</B> character u009A is missing<BR>
[20-Jun-2016 07:46:15 Europe/London] <B>Warning:</B> character u009B is missing<BR>
[20-Jun-2016 07:46:15 Europe/London] <B>Warning:</B> character u009C is missing<BR>
[20-Jun-2016 07:46:15 Europe/London] <B>Warning:</B> character u009D is missing<BR>
[20-Jun-2016 07:46:15 Europe/London] <B>Warning:</B> character u009E is missing<BR>
[20-Jun-2016 07:46:15 Europe/London] <B>Warning:</B> character u009F is missing<BR>
[20-Jun-2016 07:46:15 Europe/London] <B>Warning:</B> character nonbreakingspace is missing<BR>
[20-Jun-2016 07:46:15 Europe/London] <B>Warning:</B> character softhyphen is missing<BR>
[20-Jun-2016 07:46:15 Europe/London] <B>Warning:</B> character u0000 is missing<BR>
[20-Jun-2016 07:46:15 Europe/London] <B>Warning:</B> character controlSTX is missing<BR>
[20-Jun-2016 07:46:15 Europe/London] <B>Warning:</B> character controlSOT is missing<BR>
[20-Jun-2016 07:46:15 Europe/London] <B>Warning:</B> character controlETX is missing<BR>
[20-Jun-2016 07:46:15 Europe/London] <B>Warning:</B> character controlEOT is missing<BR>
[20-Jun-2016 07:46:15 Europe/London] <B>Warning:</B> character controlENQ is missing<BR>
[20-Jun-2016 07:46:15 Europe/London] <B>Warning:</B> character controlACK is missing<BR>
[20-Jun-2016 07:46:15 Europe/London] <B>Warning:</B> character controlBEL is missing<BR>
[20-Jun-2016 07:46:15 Europe/London] <B>Warning:</B> character controlBS is missing<BR>
[20-Jun-2016 07:46:15 Europe/London] <B>Warning:</B> character controlHT is missing<BR>
[20-Jun-2016 07:46:15 Europe/London] <B>Warning:</B> character controlLF is missing<BR>
[20-Jun-2016 07:46:15 Europe/London] <B>Warning:</B> character controlVT is missing<BR>
[20-Jun-2016 07:46:15 Europe/London] <B>Warning:</B> character controlFF is missing<BR>
[20-Jun-2016 07:46:15 Europe/London] <B>Warning:</B> character controlCR is missing<BR>
[20-Jun-2016 07:46:15 Europe/London] <B>Warning:</B> character controlSO is missing<BR>
[20-Jun-2016 07:46:15 Europe/London] <B>Warning:</B> character controlSI is missing<BR>
[20-Jun-2016 07:46:15 Europe/London] <B>Warning:</B> character controlDLE is missing<BR>
[20-Jun-2016 07:46:15 Europe/London] <B>Warning:</B> character controlDC1 is missing<BR>
[20-Jun-2016 07:46:15 Europe/London] <B>Warning:</B> character controlDC2 is missing<BR>
[20-Jun-2016 07:46:15 Europe/London] <B>Warning:</B> character controlDC3 is missing<BR>
[20-Jun-2016 07:46:15 Europe/London] <B>Warning:</B> character controlDC4 is missing<BR>
[20-Jun-2016 07:46:15 Europe/London] <B>Warning:</B> character controlNAK is missing<BR>
[20-Jun-2016 07:46:15 Europe/London] <B>Warning:</B> character controlSYN is missing<BR>
[20-Jun-2016 07:46:15 Europe/London] <B>Warning:</B> character controlETB is missing<BR>
[20-Jun-2016 07:46:15 Europe/London] <B>Warning:</B> character controlCAN is missing<BR>
[20-Jun-2016 07:46:15 Europe/London] <B>Warning:</B> character controlEM is missing<BR>
[20-Jun-2016 07:46:15 Europe/London] <B>Warning:</B> character controlSUB is missing<BR>
[20-Jun-2016 07:46:15 Europe/London] <B>Warning:</B> character controlESC is missing<BR>
[20-Jun-2016 07:46:15 Europe/London] <B>Warning:</B> character controlFS is missing<BR>
[20-Jun-2016 07:46:15 Europe/London] <B>Warning:</B> character controlGS is missing<BR>
[20-Jun-2016 07:46:15 Europe/London] <B>Warning:</B> character controlRS is missing<BR>
[20-Jun-2016 07:46:15 Europe/London] <B>Warning:</B> character controlUS is missing<BR>
[20-Jun-2016 07:46:15 Europe/London] <B>Warning:</B> character controlDEL is missing<BR>
[20-Jun-2016 07:46:15 Europe/London] <B>Warning:</B> character u0080 is missing<BR>
[20-Jun-2016 07:46:15 Europe/London] <B>Warning:</B> character u0081 is missing<BR>
[20-Jun-2016 07:46:15 Europe/London] <B>Warning:</B> character u0082 is missing<BR>
[20-Jun-2016 07:46:15 Europe/London] <B>Warning:</B> character u0083 is missing<BR>
[20-Jun-2016 07:46:15 Europe/London] <B>Warning:</B> character u0084 is missing<BR>
[20-Jun-2016 07:46:15 Europe/London] <B>Warning:</B> character u0085 is missing<BR>
[20-Jun-2016 07:46:15 Europe/London] <B>Warning:</B> character u0086 is missing<BR>
[20-Jun-2016 07:46:15 Europe/London] <B>Warning:</B> character u0087 is missing<BR>
[20-Jun-2016 07:46:15 Europe/London] <B>Warning:</B> character u0088 is missing<BR>
[20-Jun-2016 07:46:15 Europe/London] <B>Warning:</B> character u0089 is missing<BR>
[20-Jun-2016 07:46:15 Europe/London] <B>Warning:</B> character u008A is missing<BR>
[20-Jun-2016 07:46:15 Europe/London] <B>Warning:</B> character u008B is missing<BR>
[20-Jun-2016 07:46:15 Europe/London] <B>Warning:</B> character u008C is missing<BR>
[20-Jun-2016 07:46:15 Europe/London] <B>Warning:</B> character u008D is missing<BR>
[20-Jun-2016 07:46:15 Europe/London] <B>Warning:</B> character u008E is missing<BR>
[20-Jun-2016 07:46:15 Europe/London] <B>Warning:</B> character u008F is missing<BR>
[20-Jun-2016 07:46:15 Europe/London] <B>Warning:</B> character u0090 is missing<BR>
[20-Jun-2016 07:46:15 Europe/London] <B>Warning:</B> character u0091 is missing<BR>
[20-Jun-2016 07:46:15 Europe/London] <B>Warning:</B> character u0092 is missing<BR>
[20-Jun-2016 07:46:15 Europe/London] <B>Warning:</B> character u0093 is missing<BR>
[20-Jun-2016 07:46:15 Europe/London] <B>Warning:</B> character u0094 is missing<BR>
[20-Jun-2016 07:46:15 Europe/London] <B>Warning:</B> character u0095 is missing<BR>
[20-Jun-2016 07:46:15 Europe/London] <B>Warning:</B> character u0096 is missing<BR>
[20-Jun-2016 07:46:15 Europe/London] <B>Warning:</B> character u0097 is missing<BR>
[20-Jun-2016 07:46:15 Europe/London] <B>Warning:</B> character u0098 is missing<BR>
[20-Jun-2016 07:46:15 Europe/London] <B>Warning:</B> character u0099 is missing<BR>
[20-Jun-2016 07:46:15 Europe/London] <B>Warning:</B> character u009A is missing<BR>
[20-Jun-2016 07:46:15 Europe/London] <B>Warning:</B> character u009B is missing<BR>
[20-Jun-2016 07:46:15 Europe/London] <B>Warning:</B> character u009C is missing<BR>
[20-Jun-2016 07:46:15 Europe/London] <B>Warning:</B> character u009D is missing<BR>
[20-Jun-2016 07:46:15 Europe/London] <B>Warning:</B> character u009E is missing<BR>
[20-Jun-2016 07:46:15 Europe/London] <B>Warning:</B> character u009F is missing<BR>
[20-Jun-2016 07:46:15 Europe/London] <B>Warning:</B> character nonbreakingspace is missing<BR>
[20-Jun-2016 07:46:15 Europe/London] <B>Warning:</B> character softhyphen is missing<BR>
[20-Jun-2016 07:48:34 Europe/London] Cannot open 
[20-Jun-2016 07:50:31 Europe/London] Cannot open 
[20-Jun-2016 07:51:21 Europe/London] Cannot open 
[20-Jun-2016 07:58:37 Europe/London] Cannot open 
[20-Jun-2016 08:00:41 Europe/London] Cannot open 
[20-Jun-2016 08:11:02 Europe/London] biller  1
[20-Jun-2016 08:11:33 Europe/London] template  default
[20-Jun-2016 08:14:24 Europe/London] Cannot open 
[20-Jun-2016 08:15:11 Europe/London] Cannot open 
[20-Jun-2016 08:18:03 Europe/London] delete  1
[20-Jun-2016 08:19:23 Europe/London] tax  4
[20-Jun-2016 08:21:40 Europe/London] NOTEMPLATE!!!
[20-Jun-2016 08:32:30 Europe/London] Cannot open 
