2016-06-20T07:38:18+01:00 INFO (6): Max Invoice: 
2016-06-20T07:38:27+01:00 INFO (6): Max Invoice: 
2016-06-20T07:42:12+01:00 INFO (6): Max Invoice: 
2016-06-20T07:42:15+01:00 INFO (6): Max Invoice: 
2016-06-20T07:42:15+01:00 INFO (6): Max Invoice: 
2016-06-20T07:42:24+01:00 INFO (6): Max Invoice: 
2016-06-20T07:42:26+01:00 INFO (6): Max Invoice: 
2016-06-20T07:42:26+01:00 INFO (6): Itemised invoice created
2016-06-20T07:42:29+01:00 INFO (6): Max Invoice: 
2016-06-20T07:42:43+01:00 INFO (6): Max Invoice: 
2016-06-20T07:42:45+01:00 INFO (6): Max Invoice: 
2016-06-20T07:42:45+01:00 INFO (6): Max Invoice: 
2016-06-20T07:42:54+01:00 INFO (6): Max Invoice: 
2016-06-20T07:42:54+01:00 INFO (6): Itemised invoice created
2016-06-20T07:42:59+01:00 INFO (6): Max Invoice: 
2016-06-20T07:43:49+01:00 INFO (6): Max Invoice: 
2016-06-20T07:43:51+01:00 INFO (6): Max Invoice: 
2016-06-20T07:43:51+01:00 INFO (6): Max Invoice: 
2016-06-20T07:43:58+01:00 INFO (6): Max Invoice: 
2016-06-20T07:43:58+01:00 INFO (6): Itemised invoice created
2016-06-20T07:44:09+01:00 INFO (6): Max Invoice: 
2016-06-20T07:44:32+01:00 INFO (6): Max Invoice: 
2016-06-20T07:44:32+01:00 INFO (6): Max Invoice: 
2016-06-20T07:44:35+01:00 INFO (6): Max Invoice: 
2016-06-20T07:44:49+01:00 INFO (6): Max Invoice: 
2016-06-20T07:44:52+01:00 INFO (6): Max Invoice: 
2016-06-20T07:44:52+01:00 INFO (6): Max Invoice: 
2016-06-20T07:44:58+01:00 INFO (6): Max Invoice: 
2016-06-20T07:44:58+01:00 INFO (6): Itemised invoice created
2016-06-20T07:45:19+01:00 INFO (6): Max Invoice: 
2016-06-20T07:45:57+01:00 INFO (6): Max Invoice: 
2016-06-20T07:45:57+01:00 INFO (6): Max items:4
2016-06-20T07:45:57+01:00 INFO (6): i=0
2016-06-20T07:45:57+01:00 INFO (6): qty=4
2016-06-20T07:45:57+01:00 INFO (6): Key: 0 Value: 4
2016-06-20T07:45:57+01:00 INFO (6): tax rate: 0.000000
2016-06-20T07:45:57+01:00 INFO (6):  
2016-06-20T07:45:57+01:00 INFO (6):  
2016-06-20T07:45:57+01:00 INFO (6): Invoice: 1 Tax Array for line item 0: 0
2016-06-20T07:45:57+01:00 INFO (6): Description: Description
2016-06-20T07:45:57+01:00 INFO (6):  
2016-06-20T07:45:57+01:00 INFO (6): ITEM :: Key: 0 Value: 4
2016-06-20T07:45:57+01:00 INFO (6): ITEM :: tax rate: 0.000000
2016-06-20T07:45:57+01:00 INFO (6): ITEM :: Qty: 4 Unit price: 1200
2016-06-20T07:45:57+01:00 INFO (6): ITEM :: Tax rate: 0.000000 Tax type: % Tax $: 0
2016-06-20T07:45:57+01:00 INFO (6): i=1
2016-06-20T07:45:57+01:00 INFO (6): qty=
2016-06-20T07:45:57+01:00 INFO (6): i=2
2016-06-20T07:45:57+01:00 INFO (6): qty=
2016-06-20T07:45:57+01:00 INFO (6): i=3
2016-06-20T07:45:57+01:00 INFO (6): qty=
2016-06-20T07:45:57+01:00 INFO (6): i=4
2016-06-20T07:45:57+01:00 INFO (6): qty=
2016-06-20T07:46:00+01:00 INFO (6): Max Invoice: 1
2016-06-20T07:46:00+01:00 INFO (6): Invoice: 1 Item id: 6 Tax 0 Tax ID: 4
2016-06-20T07:46:00+01:00 INFO (6): eway pre check: false
2016-06-20T07:46:14+01:00 INFO (6): Max Invoice: 1
2016-06-20T07:46:14+01:00 INFO (6): Invoice: 1 Item id: 6 Tax 0 Tax ID: 4
2016-06-20T07:46:14+01:00 INFO (6): Invoice: 1 Item id: 6 Tax 0 Tax ID: 4
2016-06-20T07:47:31+01:00 INFO (6): Max Invoice: 1
2016-06-20T07:47:32+01:00 INFO (6): Max Invoice: 1
2016-06-20T07:47:34+01:00 INFO (6): Max Invoice: 1
2016-06-20T07:48:18+01:00 INFO (6): Max Invoice: 1
2016-06-20T07:48:20+01:00 INFO (6): Max Invoice: 1
2016-06-20T07:48:20+01:00 INFO (6): Max Invoice: 1
2016-06-20T07:48:29+01:00 INFO (6): Max Invoice: 1
2016-06-20T07:48:29+01:00 INFO (6): Max Invoice: 1
2016-06-20T07:48:34+01:00 INFO (6): Max Invoice: 1
2016-06-20T07:48:34+01:00 INFO (6): Invoice: 1 Item id: 6 Tax 0 Tax ID: 4
2016-06-20T07:48:34+01:00 INFO (6): Invoice: 1 Item id: 6 Tax 0 Tax ID: 4
2016-06-20T07:49:08+01:00 INFO (6): Max Invoice: 1
2016-06-20T07:50:25+01:00 INFO (6): Max Invoice: 1
2016-06-20T07:50:27+01:00 INFO (6): Max Invoice: 1
2016-06-20T07:50:28+01:00 INFO (6): Max Invoice: 1
2016-06-20T07:50:30+01:00 INFO (6): Max Invoice: 1
2016-06-20T07:50:30+01:00 INFO (6): Invoice: 1 Item id: 6 Tax 0 Tax ID: 4
2016-06-20T07:50:30+01:00 INFO (6): Invoice: 1 Item id: 6 Tax 0 Tax ID: 4
2016-06-20T07:50:54+01:00 INFO (6): Max Invoice: 1
2016-06-20T07:50:54+01:00 INFO (6): Invoice: 1 Item id: 6 Tax 0 Tax ID: 4
2016-06-20T07:51:09+01:00 INFO (6): Max Invoice: 1
2016-06-20T07:51:09+01:00 INFO (6): Invoice: 1 Item id: 6 Tax 0 Tax ID: 4
2016-06-20T07:51:09+01:00 INFO (6): Max items:0
2016-06-20T07:51:09+01:00 INFO (6): i=0
2016-06-20T07:51:09+01:00 INFO (6): qty=4.00
2016-06-20T07:51:09+01:00 INFO (6): product=1
2016-06-20T07:51:09+01:00 INFO (6): Key: 0 Value: 4
2016-06-20T07:51:09+01:00 INFO (6): tax rate: 0.000000
2016-06-20T07:51:09+01:00 INFO (6): Invoice:  Tax Array for line item 0: 0
2016-06-20T07:51:09+01:00 INFO (6): Description: 
2016-06-20T07:51:09+01:00 INFO (6):  
2016-06-20T07:51:09+01:00 INFO (6): Invoice item: 6 tax lines deleted
2016-06-20T07:51:09+01:00 INFO (6): ITEM :: Key: 0 Value: 4
2016-06-20T07:51:09+01:00 INFO (6): ITEM :: tax rate: 0.000000
2016-06-20T07:51:09+01:00 INFO (6): ITEM :: Qty: 4.00 Unit price: 1200
2016-06-20T07:51:09+01:00 INFO (6): ITEM :: Tax rate: 0.000000 Tax type: % Tax $: 0
2016-06-20T07:51:11+01:00 INFO (6): Max Invoice: 1
2016-06-20T07:51:11+01:00 INFO (6): Invoice: 1 Item id: 6 Tax 0 Tax ID: 4
2016-06-20T07:51:11+01:00 INFO (6): eway pre check: false
2016-06-20T07:51:21+01:00 INFO (6): Max Invoice: 1
2016-06-20T07:51:21+01:00 INFO (6): Invoice: 1 Item id: 6 Tax 0 Tax ID: 4
2016-06-20T07:51:21+01:00 INFO (6): Invoice: 1 Item id: 6 Tax 0 Tax ID: 4
2016-06-20T07:51:47+01:00 INFO (6): Max Invoice: 1
2016-06-20T07:51:48+01:00 INFO (6): Max Invoice: 1
2016-06-20T07:51:51+01:00 INFO (6): Max Invoice: 1
2016-06-20T07:52:01+01:00 INFO (6): Max Invoice: 1
2016-06-20T07:52:02+01:00 INFO (6): Max Invoice: 1
2016-06-20T07:52:08+01:00 INFO (6): Max Invoice: 1
2016-06-20T07:53:05+01:00 INFO (6): Max Invoice: 1
2016-06-20T07:53:08+01:00 INFO (6): Max Invoice: 1
2016-06-20T07:53:08+01:00 INFO (6): Max Invoice: 1
2016-06-20T07:53:14+01:00 INFO (6): Max Invoice: 1
2016-06-20T07:53:18+01:00 INFO (6): Max Invoice: 1
2016-06-20T07:53:28+01:00 INFO (6): Max Invoice: 1
2016-06-20T07:53:38+01:00 INFO (6): Max Invoice: 1
2016-06-20T07:53:45+01:00 INFO (6): Max Invoice: 1
2016-06-20T07:53:45+01:00 INFO (6): Max Invoice: 1
2016-06-20T07:54:01+01:00 INFO (6): Max Invoice: 1
2016-06-20T07:54:01+01:00 INFO (6): Invoice: 1 Item id: 6 Tax 0 Tax ID: 4
2016-06-20T07:58:37+01:00 INFO (6): Max Invoice: 1
2016-06-20T07:58:37+01:00 INFO (6): Invoice: 1 Item id: 6 Tax 0 Tax ID: 4
2016-06-20T07:58:37+01:00 INFO (6): Invoice: 1 Item id: 6 Tax 0 Tax ID: 4
2016-06-20T08:00:40+01:00 INFO (6): Max Invoice: 1
2016-06-20T08:00:41+01:00 INFO (6): Invoice: 1 Item id: 6 Tax 0 Tax ID: 4
2016-06-20T08:00:41+01:00 INFO (6): Invoice: 1 Item id: 6 Tax 0 Tax ID: 4
2016-06-20T08:09:30+01:00 INFO (6): Max Invoice: 1
2016-06-20T08:09:30+01:00 INFO (6): Max Invoice: 1
2016-06-20T08:09:35+01:00 INFO (6): Max Invoice: 1
2016-06-20T08:09:58+01:00 INFO (6): Max Invoice: 1
2016-06-20T08:09:58+01:00 INFO (6): Max Invoice: 1
2016-06-20T08:10:01+01:00 INFO (6): Max Invoice: 1
2016-06-20T08:10:27+01:00 INFO (6): Max Invoice: 1
2016-06-20T08:10:28+01:00 INFO (6): Max Invoice: 1
2016-06-20T08:10:38+01:00 INFO (6): Max Invoice: 1
2016-06-20T08:10:56+01:00 INFO (6): Max Invoice: 1
2016-06-20T08:11:02+01:00 INFO (6): Max Invoice: 1
2016-06-20T08:11:05+01:00 INFO (6): Max Invoice: 1
2016-06-20T08:11:07+01:00 INFO (6): Max Invoice: 1
2016-06-20T08:11:14+01:00 INFO (6): Max Invoice: 1
2016-06-20T08:11:18+01:00 INFO (6): Max Invoice: 1
2016-06-20T08:11:22+01:00 INFO (6): Max Invoice: 1
2016-06-20T08:11:28+01:00 INFO (6): Max Invoice: 1
2016-06-20T08:11:33+01:00 INFO (6): Max Invoice: 1
2016-06-20T08:11:35+01:00 INFO (6): Max Invoice: 1
2016-06-20T08:11:51+01:00 INFO (6): Max Invoice: 1
2016-06-20T08:11:53+01:00 INFO (6): Max Invoice: 1
2016-06-20T08:11:59+01:00 INFO (6): Max Invoice: 1
2016-06-20T08:11:59+01:00 INFO (6): Max Invoice: 1
2016-06-20T08:12:04+01:00 INFO (6): Max Invoice: 1
2016-06-20T08:12:04+01:00 INFO (6): Max Invoice: 1
2016-06-20T08:12:07+01:00 INFO (6): Max Invoice: 1
2016-06-20T08:12:08+01:00 INFO (6): Max Invoice: 1
2016-06-20T08:12:10+01:00 INFO (6): Max Invoice: 1
2016-06-20T08:12:27+01:00 INFO (6): Max Invoice: 1
2016-06-20T08:14:14+01:00 INFO (6): Max Invoice: 1
2016-06-20T08:14:16+01:00 INFO (6): Max Invoice: 1
2016-06-20T08:14:17+01:00 INFO (6): Max Invoice: 1
2016-06-20T08:14:20+01:00 INFO (6): Max Invoice: 1
2016-06-20T08:14:20+01:00 INFO (6): Max Invoice: 1
2016-06-20T08:14:24+01:00 INFO (6): Max Invoice: 1
2016-06-20T08:14:24+01:00 INFO (6): Invoice: 1 Item id: 6 Tax 0 Tax ID: 4
2016-06-20T08:14:24+01:00 INFO (6): Invoice: 1 Item id: 6 Tax 0 Tax ID: 4
2016-06-20T08:14:49+01:00 INFO (6): Max Invoice: 1
2016-06-20T08:14:49+01:00 INFO (6): Max Invoice: 1
2016-06-20T08:14:53+01:00 INFO (6): Max Invoice: 1
2016-06-20T08:15:07+01:00 INFO (6): Max Invoice: 1
2016-06-20T08:15:09+01:00 INFO (6): Max Invoice: 1
2016-06-20T08:15:10+01:00 INFO (6): Max Invoice: 1
2016-06-20T08:15:11+01:00 INFO (6): Max Invoice: 1
2016-06-20T08:15:11+01:00 INFO (6): Invoice: 1 Item id: 6 Tax 0 Tax ID: 4
2016-06-20T08:15:11+01:00 INFO (6): Invoice: 1 Item id: 6 Tax 0 Tax ID: 4
2016-06-20T08:15:44+01:00 INFO (6): Max Invoice: 1
2016-06-20T08:15:44+01:00 INFO (6): Invoice: 1 Item id: 6 Tax 0 Tax ID: 4
2016-06-20T08:15:48+01:00 INFO (6): Max Invoice: 1
2016-06-20T08:15:49+01:00 INFO (6): Max Invoice: 1
2016-06-20T08:16:02+01:00 INFO (6): Max Invoice: 1
2016-06-20T08:16:12+01:00 INFO (6): Max Invoice: 1
2016-06-20T08:16:12+01:00 INFO (6): Max Invoice: 1
2016-06-20T08:16:17+01:00 INFO (6): Max Invoice: 1
2016-06-20T08:16:27+01:00 INFO (6): Max Invoice: 1
2016-06-20T08:16:29+01:00 INFO (6): Max Invoice: 1
2016-06-20T08:16:29+01:00 INFO (6): Max Invoice: 1
2016-06-20T08:16:33+01:00 INFO (6): Max Invoice: 1
2016-06-20T08:16:37+01:00 INFO (6): Max Invoice: 1
2016-06-20T08:16:39+01:00 INFO (6): Max Invoice: 1
2016-06-20T08:16:39+01:00 INFO (6): Max Invoice: 1
2016-06-20T08:16:48+01:00 INFO (6): Max Invoice: 1
2016-06-20T08:16:49+01:00 INFO (6): Max Invoice: 1
2016-06-20T08:17:21+01:00 INFO (6): Max Invoice: 1
2016-06-20T08:17:21+01:00 INFO (6): Max Invoice: 1
2016-06-20T08:17:31+01:00 INFO (6): Max Invoice: 1
2016-06-20T08:17:31+01:00 INFO (6): Max Invoice: 1
2016-06-20T08:17:48+01:00 INFO (6): Max Invoice: 1
2016-06-20T08:17:53+01:00 INFO (6): Max Invoice: 1
2016-06-20T08:17:59+01:00 INFO (6): Max Invoice: 1
2016-06-20T08:18:03+01:00 INFO (6): Max Invoice: 1
2016-06-20T08:18:05+01:00 INFO (6): Max Invoice: 1
2016-06-20T08:18:07+01:00 INFO (6): Max Invoice: 1
2016-06-20T08:18:10+01:00 INFO (6): Max Invoice: 1
2016-06-20T08:18:10+01:00 INFO (6): Max Invoice: 1
2016-06-20T08:18:14+01:00 INFO (6): Max Invoice: 1
2016-06-20T08:18:14+01:00 INFO (6): Invoice: 1 Item id: 6 Tax 0 Tax ID: 4
2016-06-20T08:18:37+01:00 INFO (6): Max Invoice: 1
2016-06-20T08:18:39+01:00 INFO (6): Max Invoice: 1
2016-06-20T08:18:49+01:00 INFO (6): Max Invoice: 1
2016-06-20T08:18:49+01:00 INFO (6): Max Invoice: 1
2016-06-20T08:18:51+01:00 INFO (6): Max Invoice: 1
2016-06-20T08:19:08+01:00 INFO (6): Max Invoice: 1
2016-06-20T08:19:16+01:00 INFO (6): Max Invoice: 1
2016-06-20T08:19:20+01:00 INFO (6): Max Invoice: 1
2016-06-20T08:19:23+01:00 INFO (6): Max Invoice: 1
2016-06-20T08:19:25+01:00 INFO (6): Max Invoice: 1
2016-06-20T08:19:39+01:00 INFO (6): Max Invoice: 1
2016-06-20T08:19:44+01:00 INFO (6): Max Invoice: 1
2016-06-20T08:19:45+01:00 INFO (6): Max Invoice: 1
2016-06-20T08:19:47+01:00 INFO (6): Max Invoice: 1
2016-06-20T08:20:10+01:00 INFO (6): Max Invoice: 1
2016-06-20T08:20:16+01:00 INFO (6): Max Invoice: 1
2016-06-20T08:21:35+01:00 INFO (6): Max Invoice: 1
2016-06-20T08:21:35+01:00 INFO (6): Max Invoice: 1
2016-06-20T08:21:40+01:00 INFO (6): Max Invoice: 1
2016-06-20T08:21:42+01:00 INFO (6): Max Invoice: 1
2016-06-20T08:21:42+01:00 INFO (6): Max Invoice: 1
2016-06-20T08:22:27+01:00 INFO (6): Max Invoice: 1
2016-06-20T08:22:58+01:00 INFO (6): Max Invoice: 1
2016-06-20T08:22:58+01:00 INFO (6): Max Invoice: 1
2016-06-20T08:23:08+01:00 INFO (6): Max Invoice: 1
2016-06-20T08:23:19+01:00 INFO (6): Max Invoice: 1
2016-06-20T08:23:35+01:00 INFO (6): Max Invoice: 1
2016-06-20T08:23:36+01:00 INFO (6): Max Invoice: 1
2016-06-20T08:23:40+01:00 INFO (6): Max Invoice: 1
2016-06-20T08:23:40+01:00 INFO (6): Invoice: 1 Item id: 6 Tax 0 Tax ID: 4
2016-06-20T08:23:40+01:00 INFO (6): eway pre check: false
2016-06-20T08:23:46+01:00 INFO (6): Max Invoice: 1
2016-06-20T08:23:46+01:00 INFO (6): Invoice: 1 Item id: 6 Tax 0 Tax ID: 4
2016-06-20T08:23:48+01:00 INFO (6): Max Invoice: 1
2016-06-20T08:23:48+01:00 INFO (6): Invoice: 1 Item id: 6 Tax 0 Tax ID: 4
2016-06-20T08:23:48+01:00 INFO (6): Invoice: 1 Item id: 6 Tax 0 Tax ID: 4
2016-06-20T08:23:48+01:00 INFO (6): Item deleted: DELETE FROM si_invoice_item_tax WHERE invoice_item_id = :id
2016-06-20T08:23:48+01:00 INFO (6): Item deleted: DELETE FROM si_invoice_items WHERE invoice_id = :id
2016-06-20T08:23:48+01:00 INFO (6): Item deleted: DELETE FROM si_invoices WHERE id = :id
2016-06-20T08:23:51+01:00 INFO (6): Max Invoice: 
2016-06-20T08:23:51+01:00 INFO (6): Max Invoice: 
2016-06-20T08:23:51+01:00 INFO (6): Itemised invoice created
2016-06-20T08:31:48+01:00 INFO (6): Max Invoice: 
2016-06-20T08:31:50+01:00 INFO (6): Max Invoice: 
2016-06-20T08:31:50+01:00 INFO (6): Itemised invoice created
2016-06-20T08:31:56+01:00 INFO (6): Max Invoice: 
2016-06-20T08:32:14+01:00 INFO (6): Max Invoice: 
2016-06-20T08:32:14+01:00 INFO (6): Max items:4
2016-06-20T08:32:14+01:00 INFO (6): i=0
2016-06-20T08:32:14+01:00 INFO (6): qty=2
2016-06-20T08:32:14+01:00 INFO (6): Key: 0 Value: 4
2016-06-20T08:32:14+01:00 INFO (6): tax rate: 0.000000
2016-06-20T08:32:14+01:00 INFO (6):  
2016-06-20T08:32:14+01:00 INFO (6):  
2016-06-20T08:32:14+01:00 INFO (6): Invoice: 1 Tax Array for line item 0: 0
2016-06-20T08:32:14+01:00 INFO (6): Description: customer module
2016-06-20T08:32:14+01:00 INFO (6):  
2016-06-20T08:32:14+01:00 INFO (6): ITEM :: Key: 0 Value: 4
2016-06-20T08:32:14+01:00 INFO (6): ITEM :: tax rate: 0.000000
2016-06-20T08:32:14+01:00 INFO (6): ITEM :: Qty: 2 Unit price: 1200
2016-06-20T08:32:14+01:00 INFO (6): ITEM :: Tax rate: 0.000000 Tax type: % Tax $: 0
2016-06-20T08:32:14+01:00 INFO (6): i=1
2016-06-20T08:32:14+01:00 INFO (6): qty=
2016-06-20T08:32:14+01:00 INFO (6): i=2
2016-06-20T08:32:14+01:00 INFO (6): qty=
2016-06-20T08:32:14+01:00 INFO (6): i=3
2016-06-20T08:32:14+01:00 INFO (6): qty=
2016-06-20T08:32:14+01:00 INFO (6): i=4
2016-06-20T08:32:14+01:00 INFO (6): qty=
2016-06-20T08:32:16+01:00 INFO (6): Max Invoice: 1
2016-06-20T08:32:16+01:00 INFO (6): Invoice: 1 Item id: 7 Tax 0 Tax ID: 4
2016-06-20T08:32:16+01:00 INFO (6): eway pre check: false
2016-06-20T08:32:30+01:00 INFO (6): Max Invoice: 1
2016-06-20T08:32:30+01:00 INFO (6): Invoice: 1 Item id: 7 Tax 0 Tax ID: 4
2016-06-20T08:32:30+01:00 INFO (6): Invoice: 1 Item id: 7 Tax 0 Tax ID: 4
2016-06-20T10:03:56+01:00 INFO (6): Max Invoice: 1
2016-06-20T10:03:57+01:00 INFO (6): Max Invoice: 1
